1662779325639	geckodriver	INFO	Listening on 127.0.0.1:57156
1662779328710	mozrunner::runner	INFO	Running command: "C:\\Program Files\\Mozilla Firefox\\firefox.exe" "--marionette" "--remote-debugging-port" "57157" "--remote-allow-hosts" "localhost" "-no-remote" "-profile" "C:\\Users\\Vigne\\AppData\\Local\\Temp\\rust_mozprofilewrXtES"
1662779329094	Marionette	INFO	Marionette enabled
1662779329102	Marionette	INFO	Listening on port 57166
WebDriver BiDi listening on ws://localhost:57157
Read port: 57166
1662779329383	RemoteAgent	WARN	TLS certificate errors will be ignored for this session
console.warn: SearchSettings: "get: No settings file exists, new profile?" (new NotFoundError("Could not open the file at C:\\Users\\Vigne\\AppData\\Local\\Temp\\rust_mozprofilewrXtES\\search.json.mozlz4", (void 0)))
DevTools listening on ws://localhost:57157/devtools/browser/73508f18-5bfe-4b27-9d1f-153e3db4dca5
console.error: services.settings: 
  main/query-stripping Signature failed  InvalidSignatureError: Invalid content signature (main/query-stripping)
console.error: services.settings: 
  main/query-stripping local data was corrupted
console.warn: services.settings: main/query-stripping Signature verified failed. Retry from scratch
console.error: services.settings: 
  main/query-stripping Signature failed again InvalidSignatureError: Invalid content signature (main/query-stripping)
console.error: services.settings: 
  main/public-suffix-list Signature failed  InvalidSignatureError: Invalid content signature (main/public-suffix-list)
console.error: services.settings: 
  main/public-suffix-list local data was corrupted
console.warn: services.settings: main/public-suffix-list Signature verified failed. Retry from scratch
console.error: services.settings: 
  main/public-suffix-list Signature failed again InvalidSignatureError: Invalid content signature (main/public-suffix-list)
console.error: services.settings: 
  Message: InvalidSignatureError: Invalid content signature (main/public-suffix-list)
  Stack:
    InvalidSignatureError@resource://services-settings/RemoteSettingsClient.jsm:169:5
_validateCollectionSignature@resource://services-settings/RemoteSettingsClient.jsm:977:13

console.error: services.settings: 
  main/query-stripping Signature failed  InvalidSignatureError: Invalid content signature (main/query-stripping)
console.error: services.settings: 
  main/query-stripping local data was corrupted
console.warn: services.settings: main/query-stripping Signature verified failed. Retry from scratch
console.error: services.settings: 
  main/query-stripping Signature failed again InvalidSignatureError: Invalid content signature (main/query-stripping)
console.error: services.settings: 
  Message: InvalidSignatureError: Invalid content signature (main/query-stripping)
  Stack:
    InvalidSignatureError@resource://services-settings/RemoteSettingsClient.jsm:169:5
_validateCollectionSignature@resource://services-settings/RemoteSettingsClient.jsm:977:13

1662779988638	Marionette	INFO	Stopped listening on port 57166
console.warn: TopSitesFeed: Failed to fetch data from Contile server: NetworkError when attempting to fetch resource.
1662780964424	geckodriver	INFO	Listening on 127.0.0.1:57797
1662780967501	mozrunner::runner	INFO	Running command: "C:\\Program Files\\Mozilla Firefox\\firefox.exe" "--marionette" "--remote-debugging-port" "57798" "--remote-allow-hosts" "localhost" "-no-remote" "-profile" "C:\\Users\\Vigne\\AppData\\Local\\Temp\\rust_mozprofile3C0okL"
1662780968034	Marionette	INFO	Marionette enabled
1662780968042	Marionette	INFO	Listening on port 57809
WebDriver BiDi listening on ws://localhost:57798
Read port: 57809
1662780968245	RemoteAgent	WARN	TLS certificate errors will be ignored for this session
console.warn: SearchSettings: "get: No settings file exists, new profile?" (new NotFoundError("Could not open the file at C:\\Users\\Vigne\\AppData\\Local\\Temp\\rust_mozprofile3C0okL\\search.json.mozlz4", (void 0)))
DevTools listening on ws://localhost:57798/devtools/browser/1c4002f3-c500-496a-9e95-64429ac49bcc
console.error: services.settings: 
  main/query-stripping Signature failed  InvalidSignatureError: Invalid content signature (main/query-stripping)
console.error: services.settings: 
  main/query-stripping local data was corrupted
console.warn: services.settings: main/query-stripping Signature verified failed. Retry from scratch
console.error: services.settings: 
  main/query-stripping Signature failed again InvalidSignatureError: Invalid content signature (main/query-stripping)
JavaScript warning: https://static.xx.fbcdn.net/rsrc.php/v3iX3c4/yw/l/en_GB/G79S4wpQ6hy.js?_nc_x=Ij3Wp8lg5Kz, line 21: WEBGL_debug_renderer_info is deprecated in Firefox and will be removed. Please use RENDERER.
1662781049032	geckodriver	INFO	Listening on 127.0.0.1:57884
1662781052093	mozrunner::runner	INFO	Running command: "C:\\Program Files\\Mozilla Firefox\\firefox.exe" "--marionette" "--remote-debugging-port" "57885" "--remote-allow-hosts" "localhost" "-no-remote" "-profile" "C:\\Users\\Vigne\\AppData\\Local\\Temp\\rust_mozprofilejic6Yd"
1662781052650	Marionette	INFO	Marionette enabled
1662781052663	Marionette	INFO	Listening on port 57896
WebDriver BiDi listening on ws://localhost:57885
Read port: 57896
1662781052972	RemoteAgent	WARN	TLS certificate errors will be ignored for this session
console.warn: SearchSettings: "get: No settings file exists, new profile?" (new NotFoundError("Could not open the file at C:\\Users\\Vigne\\AppData\\Local\\Temp\\rust_mozprofilejic6Yd\\search.json.mozlz4", (void 0)))
DevTools listening on ws://localhost:57885/devtools/browser/f0879df2-8cf3-4d8c-8b09-e1641738b251
console.error: services.settings: 
  main/query-stripping Signature failed  InvalidSignatureError: Invalid content signature (main/query-stripping)
console.error: services.settings: 
  main/query-stripping local data was corrupted
console.warn: services.settings: main/query-stripping Signature verified failed. Retry from scratch
console.error: services.settings: 
  main/query-stripping Signature failed again InvalidSignatureError: Invalid content signature (main/query-stripping)
JavaScript warning: https://static.xx.fbcdn.net/rsrc.php/v3iX3c4/yw/l/en_GB/G79S4wpQ6hy.js?_nc_x=Ij3Wp8lg5Kz, line 21: WEBGL_debug_renderer_info is deprecated in Firefox and will be removed. Please use RENDERER.
console.warn: LoginRecipes: "Falling back to a synchronous message for: https://www.facebook.com."
console.warn: LoginRecipes: "Falling back to a synchronous message for: https://www.facebook.com."
1662781263860	geckodriver	INFO	Listening on 127.0.0.1:58029
1662781266949	mozrunner::runner	INFO	Running command: "C:\\Program Files\\Mozilla Firefox\\firefox.exe" "--marionette" "--remote-debugging-port" "58030" "--remote-allow-hosts" "localhost" "-no-remote" "-profile" "C:\\Users\\Vigne\\AppData\\Local\\Temp\\rust_mozprofileFLFrVu"
1662781267477	Marionette	INFO	Marionette enabled
1662781267486	Marionette	INFO	Listening on port 58040
WebDriver BiDi listening on ws://localhost:58030
Read port: 58040
1662781267665	RemoteAgent	WARN	TLS certificate errors will be ignored for this session
console.warn: SearchSettings: "get: No settings file exists, new profile?" (new NotFoundError("Could not open the file at C:\\Users\\Vigne\\AppData\\Local\\Temp\\rust_mozprofileFLFrVu\\search.json.mozlz4", (void 0)))
DevTools listening on ws://localhost:58030/devtools/browser/0041c7f2-dd8c-4f49-88f8-49641512986d
console.error: services.settings: 
  main/query-stripping Signature failed  InvalidSignatureError: Invalid content signature (main/query-stripping)
console.error: services.settings: 
  main/query-stripping local data was corrupted
console.warn: services.settings: main/query-stripping Signature verified failed. Retry from scratch
console.error: services.settings: 
  main/query-stripping Signature failed again InvalidSignatureError: Invalid content signature (main/query-stripping)
JavaScript warning: https://static.xx.fbcdn.net/rsrc.php/v3iX3c4/yo/l/en_GB/IEHj0lvMpb4.js?_nc_x=Ij3Wp8lg5Kz, line 21: WEBGL_debug_renderer_info is deprecated in Firefox and will be removed. Please use RENDERER.
console.warn: LoginRecipes: "Falling back to a synchronous message for: https://www.facebook.com."
JavaScript warning: https://static.xx.fbcdn.net/rsrc.php/v3iX3c4/yo/l/en_GB/IEHj0lvMpb4.js?_nc_x=Ij3Wp8lg5Kz, line 21: WEBGL_debug_renderer_info is deprecated in Firefox and will be removed. Please use RENDERER.
1662781310254	geckodriver	INFO	Listening on 127.0.0.1:58100
1662781313341	mozrunner::runner	INFO	Running command: "C:\\Program Files\\Mozilla Firefox\\firefox.exe" "--marionette" "--remote-debugging-port" "58101" "--remote-allow-hosts" "localhost" "-no-remote" "-profile" "C:\\Users\\Vigne\\AppData\\Local\\Temp\\rust_mozprofileuyrRzA"
1662781313864	Marionette	INFO	Marionette enabled
1662781313873	Marionette	INFO	Listening on port 58112
WebDriver BiDi listening on ws://localhost:58101
Read port: 58112
1662781314063	RemoteAgent	WARN	TLS certificate errors will be ignored for this session
console.warn: SearchSettings: "get: No settings file exists, new profile?" (new NotFoundError("Could not open the file at C:\\Users\\Vigne\\AppData\\Local\\Temp\\rust_mozprofileuyrRzA\\search.json.mozlz4", (void 0)))
DevTools listening on ws://localhost:58101/devtools/browser/55c4b316-5b5c-415e-aa92-b2dc1924d569
console.error: services.settings: 
  main/query-stripping Signature failed  InvalidSignatureError: Invalid content signature (main/query-stripping)
console.error: services.settings: 
  main/query-stripping local data was corrupted
console.warn: services.settings: main/query-stripping Signature verified failed. Retry from scratch
console.error: services.settings: 
  main/query-stripping Signature failed again InvalidSignatureError: Invalid content signature (main/query-stripping)
JavaScript warning: https://static.xx.fbcdn.net/rsrc.php/v3iX3c4/yw/l/en_GB/G79S4wpQ6hy.js?_nc_x=Ij3Wp8lg5Kz, line 21: WEBGL_debug_renderer_info is deprecated in Firefox and will be removed. Please use RENDERER.
console.warn: LoginRecipes: "Falling back to a synchronous message for: https://www.facebook.com."
JavaScript warning: https://static.xx.fbcdn.net/rsrc.php/v3iX3c4/yw/l/en_GB/G79S4wpQ6hy.js?_nc_x=Ij3Wp8lg5Kz, line 21: WEBGL_debug_renderer_info is deprecated in Firefox and will be removed. Please use RENDERER.
1662784092223	geckodriver	INFO	Listening on 127.0.0.1:59474
1662784095302	mozrunner::runner	INFO	Running command: "C:\\Program Files\\Mozilla Firefox\\firefox.exe" "--marionette" "--remote-debugging-port" "59475" "--remote-allow-hosts" "localhost" "-no-remote" "-profile" "C:\\Users\\Vigne\\AppData\\Local\\Temp\\rust_mozprofilemdTUuc"
1662784095823	Marionette	INFO	Marionette enabled
1662784095831	Marionette	INFO	Listening on port 59486
WebDriver BiDi listening on ws://localhost:59475
Read port: 59486
1662784096039	RemoteAgent	WARN	TLS certificate errors will be ignored for this session
console.warn: SearchSettings: "get: No settings file exists, new profile?" (new NotFoundError("Could not open the file at C:\\Users\\Vigne\\AppData\\Local\\Temp\\rust_mozprofilemdTUuc\\search.json.mozlz4", (void 0)))
DevTools listening on ws://localhost:59475/devtools/browser/56c44fd9-cbee-403f-9537-d4ca4b4b0574
console.error: services.settings: 
  main/query-stripping Signature failed  InvalidSignatureError: Invalid content signature (main/query-stripping)
console.error: services.settings: 
  main/query-stripping local data was corrupted
console.warn: services.settings: main/query-stripping Signature verified failed. Retry from scratch
console.error: services.settings: 
  main/query-stripping Signature failed again InvalidSignatureError: Invalid content signature (main/query-stripping)
JavaScript warning: https://static.xx.fbcdn.net/rsrc.php/v3iX3c4/yw/l/en_GB/G79S4wpQ6hy.js?_nc_x=Ij3Wp8lg5Kz, line 21: WEBGL_debug_renderer_info is deprecated in Firefox and will be removed. Please use RENDERER.
console.error: services.settings: 
  main/public-suffix-list Signature failed  InvalidSignatureError: Invalid content signature (main/public-suffix-list)
console.error: services.settings: 
  main/public-suffix-list local data was corrupted
console.warn: services.settings: main/public-suffix-list Signature verified failed. Retry from scratch
console.error: services.settings: 
  main/public-suffix-list Signature failed again InvalidSignatureError: Invalid content signature (main/public-suffix-list)
console.error: services.settings: 
  Message: InvalidSignatureError: Invalid content signature (main/public-suffix-list)
  Stack:
    InvalidSignatureError@resource://services-settings/RemoteSettingsClient.jsm:169:5
_validateCollectionSignature@resource://services-settings/RemoteSettingsClient.jsm:977:13

console.error: services.settings: 
  main/doh-config Signature failed  InvalidSignatureError: Invalid content signature (main/doh-config)
console.error: services.settings: 
  main/doh-config local data was corrupted
console.warn: services.settings: main/doh-config Signature verified failed. Retry from scratch
console.error: services.settings: 
  main/query-stripping Signature failed  InvalidSignatureError: Invalid content signature (main/query-stripping)
console.error: services.settings: 
  main/query-stripping local data was corrupted
console.warn: services.settings: main/query-stripping Signature verified failed. Retry from scratch
console.error: services.settings: 
  main/query-stripping Signature failed again InvalidSignatureError: Invalid content signature (main/query-stripping)
console.error: services.settings: 
  Message: InvalidSignatureError: Invalid content signature (main/query-stripping)
  Stack:
    InvalidSignatureError@resource://services-settings/RemoteSettingsClient.jsm:169:5
_validateCollectionSignature@resource://services-settings/RemoteSettingsClient.jsm:977:13

1662784551735	geckodriver	INFO	Listening on 127.0.0.1:59290
1662784554815	mozrunner::runner	INFO	Running command: "C:\\Program Files\\Mozilla Firefox\\firefox.exe" "--marionette" "--remote-debugging-port" "59291" "--remote-allow-hosts" "localhost" "-no-remote" "-profile" "C:\\Users\\Vigne\\AppData\\Local\\Temp\\rust_mozprofilemKo5dH"
1662784555372	Marionette	INFO	Marionette enabled
1662784555379	Marionette	INFO	Listening on port 59302
WebDriver BiDi listening on ws://localhost:59291
Read port: 59302
1662784555606	RemoteAgent	WARN	TLS certificate errors will be ignored for this session
console.warn: SearchSettings: "get: No settings file exists, new profile?" (new NotFoundError("Could not open the file at C:\\Users\\Vigne\\AppData\\Local\\Temp\\rust_mozprofilemKo5dH\\search.json.mozlz4", (void 0)))
DevTools listening on ws://localhost:59291/devtools/browser/adbd7713-bebf-4b96-baa5-1d616cf14f1e
JavaScript warning: https://static.xx.fbcdn.net/rsrc.php/v3iX3c4/yw/l/en_GB/G79S4wpQ6hy.js?_nc_x=Ij3Wp8lg5Kz, line 21: WEBGL_debug_renderer_info is deprecated in Firefox and will be removed. Please use RENDERER.
1662784646924	geckodriver	INFO	Listening on 127.0.0.1:59420
1662784649984	mozrunner::runner	INFO	Running command: "C:\\Program Files\\Mozilla Firefox\\firefox.exe" "--marionette" "--remote-debugging-port" "59421" "--remote-allow-hosts" "localhost" "-no-remote" "-profile" "C:\\Users\\Vigne\\AppData\\Local\\Temp\\rust_mozprofilenKKqmV"
1662784650490	Marionette	INFO	Marionette enabled
1662784650502	Marionette	INFO	Listening on port 59431
WebDriver BiDi listening on ws://localhost:59421
Read port: 59431
1662784650748	RemoteAgent	WARN	TLS certificate errors will be ignored for this session
console.warn: SearchSettings: "get: No settings file exists, new profile?" (new NotFoundError("Could not open the file at C:\\Users\\Vigne\\AppData\\Local\\Temp\\rust_mozprofilenKKqmV\\search.json.mozlz4", (void 0)))
DevTools listening on ws://localhost:59421/devtools/browser/275ce206-0419-444f-991a-ebc59aec8a58
console.error: services.settings: 
  main/query-stripping Signature failed  InvalidSignatureError: Invalid content signature (main/query-stripping)
console.error: services.settings: 
  main/query-stripping local data was corrupted
console.warn: services.settings: main/query-stripping Signature verified failed. Retry from scratch
console.error: services.settings: 
  main/query-stripping Signature failed again InvalidSignatureError: Invalid content signature (main/query-stripping)
JavaScript warning: https://static.xx.fbcdn.net/rsrc.php/v3iX3c4/yw/l/en_GB/G79S4wpQ6hy.js?_nc_x=Ij3Wp8lg5Kz, line 21: WEBGL_debug_renderer_info is deprecated in Firefox and will be removed. Please use RENDERER.
1662784687761	geckodriver	INFO	Listening on 127.0.0.1:59481
1662784690849	mozrunner::runner	INFO	Running command: "C:\\Program Files\\Mozilla Firefox\\firefox.exe" "--marionette" "--remote-debugging-port" "59482" "--remote-allow-hosts" "localhost" "-no-remote" "-profile" "C:\\Users\\Vigne\\AppData\\Local\\Temp\\rust_mozprofileuPpM99"
1662784691374	Marionette	INFO	Marionette enabled
1662784691382	Marionette	INFO	Listening on port 59493
WebDriver BiDi listening on ws://localhost:59482
Read port: 59493
1662784691553	RemoteAgent	WARN	TLS certificate errors will be ignored for this session
console.warn: SearchSettings: "get: No settings file exists, new profile?" (new NotFoundError("Could not open the file at C:\\Users\\Vigne\\AppData\\Local\\Temp\\rust_mozprofileuPpM99\\search.json.mozlz4", (void 0)))
DevTools listening on ws://localhost:59482/devtools/browser/c7b7832e-2dc0-4380-abcd-fedacca36fff
JavaScript warning: https://static.xx.fbcdn.net/rsrc.php/v3iX3c4/yo/l/en_GB/IEHj0lvMpb4.js?_nc_x=Ij3Wp8lg5Kz, line 21: WEBGL_debug_renderer_info is deprecated in Firefox and will be removed. Please use RENDERER.
console.error: services.settings: 
  main/public-suffix-list Signature failed  InvalidSignatureError: Invalid content signature (main/public-suffix-list)
console.error: services.settings: 
  main/public-suffix-list local data was corrupted
console.warn: services.settings: main/public-suffix-list Signature verified failed. Retry from scratch
console.error: services.settings: 
  main/public-suffix-list Signature failed again InvalidSignatureError: Invalid content signature (main/public-suffix-list)
console.error: services.settings: 
  Message: InvalidSignatureError: Invalid content signature (main/public-suffix-list)
  Stack:
    InvalidSignatureError@resource://services-settings/RemoteSettingsClient.jsm:169:5
_validateCollectionSignature@resource://services-settings/RemoteSettingsClient.jsm:977:13

console.error: services.settings: 
  main/doh-config Signature failed  InvalidSignatureError: Invalid content signature (main/doh-config)
console.error: services.settings: 
  main/doh-config local data was corrupted
console.warn: services.settings: main/doh-config Signature verified failed. Retry from scratch
JavaScript error: , line 0: NS_ERROR_NOT_AVAILABLE
1663382769588	geckodriver	INFO	Listening on 127.0.0.1:53321
1663382772642	mozrunner::runner	INFO	Running command: "C:\\Program Files\\Mozilla Firefox\\firefox.exe" "--marionette" "--remote-debugging-port" "53322" "--remote-allow-hosts" "localhost" "-no-remote" "-profile" "C:\\Users\\Vigne\\AppData\\Local\\Temp\\rust_mozprofileLcIUAv"
1663382773652	Marionette	INFO	Marionette enabled
1663382773662	Marionette	INFO	Listening on port 53331
WebDriver BiDi listening on ws://localhost:53322
Read port: 53331
1663382774003	RemoteAgent	WARN	TLS certificate errors will be ignored for this session
console.warn: SearchSettings: "get: No settings file exists, new profile?" (new NotFoundError("Could not open the file at C:\\Users\\Vigne\\AppData\\Local\\Temp\\rust_mozprofileLcIUAv\\search.json.mozlz4", (void 0)))
DevTools listening on ws://localhost:53322/devtools/browser/34d2a194-990a-40ac-9ae9-debb023f23fc
JavaScript error: https://www.udemy.com/staticx/udemy/js/webpack/entry-udlite-baseline-vendor.1fabdc21569966616556.js, line 2: Error: Request failed with status code 403
JavaScript error: https://www.udemy.com/staticx/udemy/js/webpack/entry-udlite-baseline-vendor.1fabdc21569966616556.js, line 2: Error: Request failed with status code 403
1663382799323	Marionette	INFO	Stopped listening on port 53331
console.warn: TopSitesFeed: Failed to fetch data from Contile server: NetworkError when attempting to fetch resource.
1663383058017	geckodriver	INFO	Listening on 127.0.0.1:53487
1663383061087	mozrunner::runner	INFO	Running command: "C:\\Program Files\\Mozilla Firefox\\firefox.exe" "--marionette" "--remote-debugging-port" "53488" "--remote-allow-hosts" "localhost" "-no-remote" "-profile" "C:\\Users\\Vigne\\AppData\\Local\\Temp\\rust_mozprofileiZQ9yW"
1663383061594	Marionette	INFO	Marionette enabled
1663383061602	Marionette	INFO	Listening on port 53497
WebDriver BiDi listening on ws://localhost:53488
Read port: 53497
1663383061871	RemoteAgent	WARN	TLS certificate errors will be ignored for this session
console.warn: SearchSettings: "get: No settings file exists, new profile?" (new NotFoundError("Could not open the file at C:\\Users\\Vigne\\AppData\\Local\\Temp\\rust_mozprofileiZQ9yW\\search.json.mozlz4", (void 0)))
DevTools listening on ws://localhost:53488/devtools/browser/425cf8ae-7d15-4488-a388-1e2338e74ceb
1663383084667	Marionette	INFO	Stopped listening on port 53497
console.warn: TopSitesFeed: Failed to fetch data from Contile server: NetworkError when attempting to fetch resource.
